\BOOKMARK [1][-]{section*.1}{\376\377\000A\000b\000s\000t\000r\000a\000c\000t}{}% 1
\BOOKMARK [1][-]{section.1}{\376\377\000I\000n\000t\000r\000o\000d\000u\000c\000t\000i\000o\000n}{}% 2
\BOOKMARK [2][-]{subsection.1.1}{\376\377\000L\000i\000t\000e\000r\000a\000t\000u\000r\000e\000\040\000R\000e\000v\000i\000e\000w}{section.1}% 3
\BOOKMARK [3][-]{subsubsection.1.1.1}{\376\377\000O\000v\000e\000r\000v\000i\000e\000w\000\040\000o\000f\000\040\000C\000h\000e\000s\000s\000\040\000E\000n\000g\000i\000n\000e\000s\000\040\000a\000n\000d\000\040\000E\000v\000a\000l\000u\000a\000t\000i\000o\000n\000\040\000A\000p\000p\000r\000o\000a\000c\000h\000e\000s}{subsection.1.1}% 4
\BOOKMARK [3][-]{subsubsection.1.1.2}{\376\377\000E\000n\000g\000i\000n\000e\000\040\000S\000e\000a\000r\000c\000h\000\040\000A\000p\000p\000r\000o\000a\000c\000h\000e\000s}{subsection.1.1}% 5
\BOOKMARK [3][-]{subsubsection.1.1.3}{\376\377\000E\000v\000a\000l\000u\000a\000t\000i\000o\000n\000\040\000A\000p\000p\000r\000o\000a\000c\000h\000e\000s}{subsection.1.1}% 6
\BOOKMARK [3][-]{subsubsection.1.1.4}{\376\377\000E\000x\000i\000s\000t\000i\000n\000g\000\040\000A\000p\000p\000r\000o\000a\000c\000h\000e\000s}{subsection.1.1}% 7
\BOOKMARK [3][-]{subsubsection.1.1.5}{\376\377\000N\000N\000U\000E\000\040\000i\000n\000\040\000T\000r\000a\000d\000i\000t\000i\000o\000n\000a\000l\000\040\000E\000n\000g\000i\000n\000e\000s}{subsection.1.1}% 8
\BOOKMARK [2][-]{subsection.1.2}{\376\377\000C\000h\000e\000s\000s\000\040\000P\000l\000a\000t\000f\000o\000r\000m\000s\000\040\000a\000n\000d\000\040\000V\000i\000s\000u\000a\000l\000i\000z\000a\000t\000i\000o\000n\000\040\000T\000o\000o\000l\000s}{section.1}% 9
\BOOKMARK [2][-]{subsection.1.3}{\376\377\000H\000y\000p\000o\000t\000h\000e\000s\000i\000s}{section.1}% 10
\BOOKMARK [1][-]{section.2}{\376\377\000B\000a\000c\000k\000g\000r\000o\000u\000n\000d}{}% 11
\BOOKMARK [2][-]{subsection.2.1}{\376\377\000L\000a\000n\000g\000u\000a\000g\000e\000s\000,\000\040\000F\000r\000a\000m\000e\000w\000o\000r\000k\000s\000,\000\040\000a\000n\000d\000\040\000T\000o\000o\000l\000s}{section.2}% 12
\BOOKMARK [3][-]{subsubsection.2.1.1}{\376\377\000F\000r\000o\000n\000t\000-\000e\000n\000d}{subsection.2.1}% 13
\BOOKMARK [3][-]{subsubsection.2.1.2}{\376\377\000B\000a\000c\000k\000-\000e\000n\000d}{subsection.2.1}% 14
\BOOKMARK [2][-]{subsection.2.2}{\376\377\000D\000o\000c\000k\000e\000r}{section.2}% 15
\BOOKMARK [1][-]{section.3}{\376\377\000D\000e\000s\000i\000g\000n}{}% 16
\BOOKMARK [2][-]{subsection.3.1}{\376\377\000I\000m\000p\000o\000r\000t\000a\000n\000c\000e\000\040\000o\000f\000\040\000a\000\040\000C\000l\000e\000a\000r\000\040\000L\000a\000y\000o\000u\000t}{section.3}% 17
\BOOKMARK [2][-]{subsection.3.2}{\376\377\000L\000a\000y\000o\000u\000t\000-\000D\000r\000i\000v\000e\000n\000\040\000A\000p\000p\000r\000o\000a\000c\000h\000\040\000a\000n\000d\000\040\000Z\000i\000g\000z\000a\000g\000\040\000H\000i\000g\000h\000l\000i\000g\000h\000t\000s}{section.3}% 18
\BOOKMARK [2][-]{subsection.3.3}{\376\377\000S\000c\000r\000e\000e\000n\000s\000h\000o\000t\000\040\000a\000n\000d\000\040\000V\000i\000s\000u\000a\000l\000\040\000C\000o\000n\000f\000i\000r\000m\000a\000t\000i\000o\000n}{section.3}% 19
\BOOKMARK [2][-]{subsection.3.4}{\376\377\000C\000o\000n\000c\000l\000u\000s\000i\000o\000n}{section.3}% 20
\BOOKMARK [1][-]{section.4}{\376\377\000A\000r\000c\000h\000i\000t\000e\000c\000t\000u\000r\000e}{}% 21
\BOOKMARK [2][-]{subsection.4.1}{\376\377\000O\000v\000e\000r\000v\000i\000e\000w}{section.4}% 22
\BOOKMARK [2][-]{subsection.4.2}{\376\377\000C\000o\000m\000m\000u\000n\000i\000c\000a\000t\000i\000o\000n\000\040\000F\000l\000o\000w}{section.4}% 23
\BOOKMARK [2][-]{subsection.4.3}{\376\377\000U\000s\000e\000r\000\040\000I\000n\000t\000e\000r\000f\000a\000c\000e\000\040\000S\000t\000r\000u\000c\000t\000u\000r\000e}{section.4}% 24
\BOOKMARK [3][-]{subsubsection.4.3.1}{\376\377\000H\000o\000m\000e\000\040\000P\000a\000g\000e}{subsection.4.3}% 25
\BOOKMARK [3][-]{subsubsection.4.3.2}{\376\377\000M\000a\000z\000e\000\040\000V\000i\000s\000u\000a\000l\000i\000z\000a\000t\000i\000o\000n\000\040\000P\000a\000g\000e}{subsection.4.3}% 26
\BOOKMARK [3][-]{subsubsection.4.3.3}{\376\377\000M\000i\000n\000i\000m\000a\000x\000\040\000T\000r\000a\000v\000e\000r\000s\000a\000l\000\040\000P\000a\000g\000e}{subsection.4.3}% 27
\BOOKMARK [3][-]{subsubsection.4.3.4}{\376\377\000C\000h\000e\000s\000s\000\040\000P\000a\000g\000e}{subsection.4.3}% 28
\BOOKMARK [2][-]{subsection.4.4}{\376\377\000B\000u\000i\000l\000d}{section.4}% 29
\BOOKMARK [1][-]{section.5}{\376\377\000I\000m\000p\000l\000e\000m\000e\000n\000t\000a\000t\000i\000o\000n}{}% 30
\BOOKMARK [2][-]{subsection.5.1}{\376\377\000N\000N\000U\000E\000\040\000M\000o\000d\000e\000l}{section.5}% 31
\BOOKMARK [3][-]{subsubsection.5.1.1}{\376\377\000N\000N\000U\000E\000\040\000I\000m\000p\000l\000e\000m\000e\000n\000t\000a\000t\000i\000o\000n}{subsection.5.1}% 32
\BOOKMARK [3][-]{subsubsection.5.1.2}{\376\377\000E\000v\000a\000l\000u\000a\000t\000i\000o\000n\000\040\000i\000n\000\040\000t\000h\000e\000\040\000S\000e\000a\000r\000c\000h\000\040\000L\000o\000o\000p}{subsection.5.1}% 33
\BOOKMARK [2][-]{subsection.5.2}{\376\377\000B\000a\000c\000k\000e\000n\000d\000\040\000I\000m\000p\000l\000e\000m\000e\000n\000t\000a\000t\000i\000o\000n}{section.5}% 34
\BOOKMARK [2][-]{subsection.5.3}{\376\377\000F\000r\000o\000n\000t\000e\000n\000d\000\040\000I\000m\000p\000l\000e\000m\000e\000n\000t\000a\000t\000i\000o\000n}{section.5}% 35
\BOOKMARK [3][-]{subsubsection.5.3.1}{\376\377\000N\000a\000v\000i\000g\000a\000t\000i\000o\000n}{subsection.5.3}% 36
\BOOKMARK [3][-]{subsubsection.5.3.2}{\376\377\000M\000a\000z\000e\000\040\000V\000i\000s\000u\000a\000l\000i\000z\000a\000t\000i\000o\000n}{subsection.5.3}% 37
\BOOKMARK [3][-]{subsubsection.5.3.3}{\376\377\000M\000i\000n\000i\000m\000a\000x\000\040\000V\000i\000s\000u\000a\000l\000i\000z\000a\000t\000i\000o\000n}{subsection.5.3}% 38
\BOOKMARK [3][-]{subsubsection.5.3.4}{\376\377\000I\000n\000t\000e\000r\000a\000c\000t\000i\000v\000e\000\040\000C\000h\000e\000s\000s\000\040\000G\000a\000m\000e\000p\000l\000a\000y}{subsection.5.3}% 39
\BOOKMARK [1][-]{section.6}{\376\377\000E\000v\000a\000l\000u\000a\000t\000i\000o\000n\000\040\000\046\000\040\000T\000e\000s\000t\000i\000n\000g}{}% 40
\BOOKMARK [2][-]{subsection.6.1}{\376\377\000C\000h\000e\000s\000s\000\040\000T\000e\000s\000t\000i\000n\000g}{section.6}% 41
\BOOKMARK [3][-]{subsubsection.6.1.1}{\376\377\000P\000e\000r\000f\000o\000r\000m\000a\000n\000c\000e\000\040\000C\000o\000n\000s\000i\000d\000e\000r\000a\000t\000i\000o\000n\000s}{subsection.6.1}% 42
\BOOKMARK [3][-]{subsubsection.6.1.2}{\376\377\000S\000c\000r\000e\000e\000n\000s\000h\000o\000t\000s\000\040\000a\000n\000d\000\040\000O\000b\000s\000e\000r\000v\000a\000t\000i\000o\000n\000s}{subsection.6.1}% 43
\BOOKMARK [3][-]{subsubsection.6.1.3}{\376\377\000E\000x\000t\000e\000n\000d\000e\000d\000\040\000M\000a\000t\000c\000h\000\040\000R\000e\000s\000u\000l\000t\000s}{subsection.6.1}% 44
\BOOKMARK [2][-]{subsection.6.2}{\376\377\000U\000s\000e\000r\000\040\000F\000e\000e\000d\000b\000a\000c\000k}{section.6}% 45
\BOOKMARK [2][-]{subsection.6.3}{\376\377\000V\000i\000s\000u\000a\000l\000i\000z\000a\000t\000i\000o\000n}{section.6}% 46
\BOOKMARK [3][-]{subsubsection.6.3.1}{\376\377\000M\000a\000z\000e\000\040\000V\000i\000s\000u\000a\000l\000i\000z\000a\000t\000i\000o\000n\000\040\000E\000v\000a\000l\000u\000a\000t\000i\000o\000n}{subsection.6.3}% 47
\BOOKMARK [3][-]{subsubsection.6.3.2}{\376\377\000M\000i\000n\000i\000m\000a\000x\000\040\000T\000r\000a\000v\000e\000r\000s\000a\000l\000\040\000E\000v\000a\000l\000u\000a\000t\000i\000o\000n}{subsection.6.3}% 48
\BOOKMARK [1][-]{section.7}{\376\377\000D\000i\000s\000c\000u\000s\000s\000i\000o\000n}{}% 49
\BOOKMARK [2][-]{subsection.7.1}{\376\377\000H\000y\000p\000o\000t\000h\000e\000s\000i\000s}{section.7}% 50
\BOOKMARK [2][-]{subsection.7.2}{\376\377\000F\000u\000t\000u\000r\000e\000\040\000W\000o\000r\000k}{section.7}% 51
\BOOKMARK [2][-]{subsection.7.3}{\376\377\000C\000o\000n\000c\000l\000u\000s\000i\000o\000n}{section.7}% 52
\BOOKMARK [1][-]{appendix.A}{\376\377\000A\000p\000p\000e\000n\000d\000i\000x}{}% 53
